Disk Report - Mon Oct  6 06:57:20 PM EDT 2025
Filesystem      Size  Used Avail Use% Mounted on
tmpfs           387M  2.1M  385M   1% /run
/dev/sda2        20G   11G  7.9G  58% /
tmpfs           1.9G     0  1.9G   0% /dev/shm
tmpfs           5.0M  8.0K  5.0M   1% /run/lock
tmpfs           387M  128K  387M   1% /run/user/1000
/dev/sr0         96M   96M     0 100% /media/lilien/CDROM
/dev/sr1        6.0G  6.0G     0 100% /media/lilien/Ubuntu 24.04.3 LTS amd64
-------------------
Disk Report - Mon Oct  6 07:05:01 PM EDT 2025
Filesystem      Size  Used Avail Use% Mounted on
tmpfs           387M  2.1M  385M   1% /run
/dev/sda2        20G   11G  7.9G  58% /
tmpfs           1.9G     0  1.9G   0% /dev/shm
tmpfs           5.0M  8.0K  5.0M   1% /run/lock
tmpfs           387M  128K  387M   1% /run/user/1000
/dev/sr0         96M   96M     0 100% /media/lilien/CDROM
/dev/sr1        6.0G  6.0G     0 100% /media/lilien/Ubuntu 24.04.3 LTS amd64
-------------------
